2018-12-26 15:37:55.626  INFO 3988 --- [main] com.yj.bj.CJServerApplication            : The following profiles are active: dev
2018-12-26 15:37:55.658  INFO 3988 --- [main] ationConfigEmbeddedWebApplicationContext : Refreshing org.springframework.boot.context.embedded.AnnotationConfigEmbeddedWebApplicationContext@3d255079: startup date [Wed Dec 26 15:37:55 CST 2018]; parent: org.springframework.context.annotation.AnnotationConfigApplicationContext@5bd91436
2018-12-26 15:37:57.782  INFO 3988 --- [main] o.s.i.config.IntegrationRegistrar        : No bean named 'integrationHeaderChannelRegistry' has been explicitly defined. Therefore, a default DefaultHeaderChannelRegistry will be created.
2018-12-26 15:37:58.346  INFO 3988 --- [main] o.s.cloud.context.scope.GenericScope     : BeanFactory id=80873a5a-51f3-3146-ac84-381ba48f53b6
2018-12-26 15:37:58.362  INFO 3988 --- [main] faultConfiguringBeanFactoryPostProcessor : No bean named 'errorChannel' has been explicitly defined. Therefore, a default PublishSubscribeChannel will be created.
2018-12-26 15:37:58.377  INFO 3988 --- [main] faultConfiguringBeanFactoryPostProcessor : No bean named 'taskScheduler' has been explicitly defined. Therefore, a default ThreadPoolTaskScheduler will be created.
2018-12-26 15:37:58.393  INFO 3988 --- [main] f.a.AutowiredAnnotationBeanPostProcessor : JSR-330 'javax.inject.Inject' annotation found and supported for autowiring
2018-12-26 15:37:58.424  INFO 3988 --- [main] trationDelegate$BeanPostProcessorChecker : Bean 'com.yj.bj.service.AccountFeignService' of type [org.springframework.cloud.netflix.feign.FeignClientFactoryBean] is not eligible for getting processed by all BeanPostProcessors (for example: not eligible for auto-proxying)
2018-12-26 15:37:58.502  INFO 3988 --- [main] trationDelegate$BeanPostProcessorChecker : Bean 'org.springframework.amqp.rabbit.annotation.RabbitBootstrapConfiguration' of type [org.springframework.amqp.rabbit.annotation.RabbitBootstrapConfiguration$$EnhancerBySpringCGLIB$$11d74415] is not eligible for getting processed by all BeanPostProcessors (for example: not eligible for auto-proxying)
2018-12-26 15:37:58.565  INFO 3988 --- [main] trationDelegate$BeanPostProcessorChecker : Bean 'org.springframework.cloud.netflix.metrics.MetricsInterceptorConfiguration$MetricsRestTemplateConfiguration' of type [org.springframework.cloud.netflix.metrics.MetricsInterceptorConfiguration$MetricsRestTemplateConfiguration$$EnhancerBySpringCGLIB$$7d982c28] is not eligible for getting processed by all BeanPostProcessors (for example: not eligible for auto-proxying)
2018-12-26 15:37:58.580  INFO 3988 --- [main] trationDelegate$BeanPostProcessorChecker : Bean 'org.springframework.transaction.annotation.ProxyTransactionManagementConfiguration' of type [org.springframework.transaction.annotation.ProxyTransactionManagementConfiguration$$EnhancerBySpringCGLIB$$4b6b85e7] is not eligible for getting processed by all BeanPostProcessors (for example: not eligible for auto-proxying)
2018-12-26 15:37:58.705  INFO 3988 --- [main] trationDelegate$BeanPostProcessorChecker : Bean 'integrationGlobalProperties' of type [org.springframework.beans.factory.config.PropertiesFactoryBean] is not eligible for getting processed by all BeanPostProcessors (for example: not eligible for auto-proxying)
2018-12-26 15:37:58.705  INFO 3988 --- [main] trationDelegate$BeanPostProcessorChecker : Bean 'integrationGlobalProperties' of type [java.util.Properties] is not eligible for getting processed by all BeanPostProcessors (for example: not eligible for auto-proxying)
2018-12-26 15:37:58.768  INFO 3988 --- [main] trationDelegate$BeanPostProcessorChecker : Bean 'org.springframework.cloud.autoconfigure.ConfigurationPropertiesRebinderAutoConfiguration' of type [org.springframework.cloud.autoconfigure.ConfigurationPropertiesRebinderAutoConfiguration$$EnhancerBySpringCGLIB$$678588e4] is not eligible for getting processed by all BeanPostProcessors (for example: not eligible for auto-proxying)
2018-12-26 15:37:59.346  INFO 3988 --- [main] s.b.c.e.t.TomcatEmbeddedServletContainer : Tomcat initialized with port(s): 1172 (http)
2018-12-26 15:37:59.362  INFO 3988 --- [main] o.apache.catalina.core.StandardService   : Starting service [Tomcat]
2018-12-26 15:37:59.362  INFO 3988 --- [main] org.apache.catalina.core.StandardEngine  : Starting Servlet Engine: Apache Tomcat/8.5.23
2018-12-26 15:37:59.565  INFO 3988 --- [localhost-startStop-1] o.a.c.c.C.[Tomcat].[localhost].[/]       : Initializing Spring embedded WebApplicationContext
2018-12-26 15:37:59.565  INFO 3988 --- [localhost-startStop-1] o.s.web.context.ContextLoader            : Root WebApplicationContext: initialization completed in 3907 ms
2018-12-26 15:38:00.018  INFO 3988 --- [localhost-startStop-1] o.s.b.w.servlet.FilterRegistrationBean   : Mapping filter: 'metricsFilter' to: [/*]
2018-12-26 15:38:00.018  INFO 3988 --- [localhost-startStop-1] o.s.b.w.servlet.FilterRegistrationBean   : Mapping filter: 'characterEncodingFilter' to: [/*]
2018-12-26 15:38:00.018  INFO 3988 --- [localhost-startStop-1] o.s.b.w.servlet.FilterRegistrationBean   : Mapping filter: 'hiddenHttpMethodFilter' to: [/*]
2018-12-26 15:38:00.018  INFO 3988 --- [localhost-startStop-1] o.s.b.w.servlet.FilterRegistrationBean   : Mapping filter: 'httpPutFormContentFilter' to: [/*]
2018-12-26 15:38:00.018  INFO 3988 --- [localhost-startStop-1] o.s.b.w.servlet.FilterRegistrationBean   : Mapping filter: 'requestContextFilter' to: [/*]
2018-12-26 15:38:00.018  INFO 3988 --- [localhost-startStop-1] o.s.b.w.servlet.FilterRegistrationBean   : Mapping filter: 'webRequestLoggingFilter' to: [/*]
2018-12-26 15:38:00.018  INFO 3988 --- [localhost-startStop-1] o.s.b.w.servlet.FilterRegistrationBean   : Mapping filter: 'tokenFilter' to urls: [/*]
2018-12-26 15:38:00.018  INFO 3988 --- [localhost-startStop-1] o.s.b.w.servlet.FilterRegistrationBean   : Mapping filter: 'webStatFilter' to urls: [/*]
2018-12-26 15:38:00.018  INFO 3988 --- [localhost-startStop-1] o.s.b.w.servlet.FilterRegistrationBean   : Mapping filter: 'applicationContextIdFilter' to: [/*]
2018-12-26 15:38:00.018  INFO 3988 --- [localhost-startStop-1] o.s.b.w.servlet.ServletRegistrationBean  : Mapping servlet: 'statViewServlet' to [/druid/*]
2018-12-26 15:38:00.018  INFO 3988 --- [localhost-startStop-1] o.s.b.w.servlet.ServletRegistrationBean  : Mapping servlet: 'dispatcherServlet' to [/]
2018-12-26 15:38:00.799  INFO 3988 --- [main] s.c.a.AnnotationConfigApplicationContext : Refreshing org.springframework.context.annotation.AnnotationConfigApplicationContext@6b980ff0: startup date [Wed Dec 26 15:38:00 CST 2018]; parent: org.springframework.boot.context.embedded.AnnotationConfigEmbeddedWebApplicationContext@3d255079
2018-12-26 15:38:00.830  INFO 3988 --- [main] f.a.AutowiredAnnotationBeanPostProcessor : JSR-330 'javax.inject.Inject' annotation found and supported for autowiring
2018-12-26 15:38:02.533  WARN 3988 --- [main] c.n.c.sources.URLConfigurationSource     : No URLs will be polled as dynamic configuration sources.
2018-12-26 15:38:02.533  INFO 3988 --- [main] c.n.c.sources.URLConfigurationSource     : To enable URLs as dynamic configuration sources, define System property archaius.configurationSource.additionalUrls or make config.properties available on classpath.
2018-12-26 15:38:02.548  WARN 3988 --- [main] c.n.c.sources.URLConfigurationSource     : No URLs will be polled as dynamic configuration sources.
2018-12-26 15:38:02.548  INFO 3988 --- [main] c.n.c.sources.URLConfigurationSource     : To enable URLs as dynamic configuration sources, define System property archaius.configurationSource.additionalUrls or make config.properties available on classpath.
2018-12-26 15:38:02.705  INFO 3988 --- [main] s.w.s.m.m.a.RequestMappingHandlerAdapter : Looking for @ControllerAdvice: org.springframework.boot.context.embedded.AnnotationConfigEmbeddedWebApplicationContext@3d255079: startup date [Wed Dec 26 15:37:55 CST 2018]; parent: org.springframework.context.annotation.AnnotationConfigApplicationContext@5bd91436
2018-12-26 15:38:02.814  INFO 3988 --- [main] s.w.s.m.m.a.RequestMappingHandlerMapping : Mapped "{[/bind/select]}" onto public com.yj.bj.util.YJResult com.yj.bj.controller.BindController.selects(java.lang.String)
2018-12-26 15:38:02.814  INFO 3988 --- [main] s.w.s.m.m.a.RequestMappingHandlerMapping : Mapped "{[/bind/bind]}" onto public com.yj.bj.util.YJResult com.yj.bj.controller.BindController.binds(java.lang.String,java.lang.String,java.lang.String,java.lang.String) throws java.lang.Exception
2018-12-26 15:38:02.814  INFO 3988 --- [main] s.w.s.m.m.a.RequestMappingHandlerMapping : Mapped "{[/order/anewRepayment2]}" onto public com.yj.bj.util.YJResult com.yj.bj.controller.OrderController.anewRepayment2(java.lang.Long,java.lang.String,java.lang.String,java.lang.String)
2018-12-26 15:38:02.814  INFO 3988 --- [main] s.w.s.m.m.a.RequestMappingHandlerMapping : Mapped "{[/order/compelRepayment]}" onto public com.yj.bj.util.YJResult com.yj.bj.controller.OrderController.compelRepayment(java.lang.String,java.lang.String)
2018-12-26 15:38:02.814  INFO 3988 --- [main] s.w.s.m.m.a.RequestMappingHandlerMapping : Mapped "{[/order/findState]}" onto public com.yj.bj.util.YJResult com.yj.bj.controller.OrderController.findState(java.lang.String) throws java.lang.Exception
2018-12-26 15:38:02.814  INFO 3988 --- [main] s.w.s.m.m.a.RequestMappingHandlerMapping : Mapped "{[/order/anewPay]}" onto public com.yj.bj.util.YJResult com.yj.bj.controller.OrderController.anewPay(java.lang.Long,java.lang.String,java.lang.String)
2018-12-26 15:38:02.814  INFO 3988 --- [main] s.w.s.m.m.a.RequestMappingHandlerMapping : Mapped "{[/order/anewPay2]}" onto public com.yj.bj.util.YJResult com.yj.bj.controller.OrderController.anewPay2(java.lang.Long,java.lang.String,java.lang.String,java.lang.String)
2018-12-26 15:38:02.814  INFO 3988 --- [main] s.w.s.m.m.a.RequestMappingHandlerMapping : Mapped "{[/plan/findCity]}" onto public com.yj.bj.util.YJResult com.yj.bj.controller.PlanController.find(java.lang.String) throws java.lang.Exception
2018-12-26 15:38:02.829  INFO 3988 --- [main] s.w.s.m.m.a.RequestMappingHandlerMapping : Mapped "{[/plan/createPlan]}" onto public com.yj.bj.util.YJResult com.yj.bj.controller.PlanController.createPlan(java.lang.String,java.lang.String,java.lang.String,java.lang.String,java.lang.String,java.lang.String,java.lang.Long,java.lang.Long) throws java.text.ParseException
2018-12-26 15:38:02.829  INFO 3988 --- [main] s.w.s.m.m.a.RequestMappingHandlerMapping : Mapped "{[/plan/savePlan]}" onto public com.yj.bj.util.YJResult com.yj.bj.controller.PlanController.savePlan(java.lang.String,java.lang.String)
2018-12-26 15:38:02.829  INFO 3988 --- [main] s.w.s.m.m.a.RequestMappingHandlerMapping : Mapped "{[/plan/stopPlan]}" onto public com.yj.bj.util.YJResult com.yj.bj.controller.PlanController.stopPlan(java.lang.Long)
2018-12-26 15:38:02.829  INFO 3988 --- [main] s.w.s.m.m.a.RequestMappingHandlerMapping : Mapped "{[/plan/findPlan]}" onto public com.yj.bj.util.YJResult com.yj.bj.controller.PlanController.findPlan(com.yj.bj.entity.PlanEntity)
2018-12-26 15:38:02.829  INFO 3988 --- [main] s.w.s.m.m.a.RequestMappingHandlerMapping : Mapped "{[/plan/updateRate]}" onto public com.yj.bj.util.YJResult com.yj.bj.controller.PlanController.updateRate(java.lang.String,java.lang.String,java.lang.String,java.lang.String) throws java.lang.Exception
2018-12-26 15:38:02.829  INFO 3988 --- [main] s.w.s.m.m.a.RequestMappingHandlerMapping : Mapped "{[/plan/findProvince]}" onto public com.yj.bj.util.YJResult com.yj.bj.controller.PlanController.findProvince() throws java.lang.Exception
2018-12-26 15:38:02.829  INFO 3988 --- [main] s.w.s.m.m.a.RequestMappingHandlerMapping : Mapped "{[/plan/findPlanDetail]}" onto public com.yj.bj.util.YJResult com.yj.bj.controller.PlanController.findPlanDetail(com.yj.bj.entity.PlanDetailEntity)
2018-12-26 15:38:02.829  INFO 3988 --- [main] s.w.s.m.m.a.RequestMappingHandlerMapping : Mapped "{[/sign/send]}" onto public com.yj.bj.util.YJResult com.yj.bj.controller.SignController.sends(java.lang.String,java.lang.String,java.lang.String,java.lang.String,java.lang.String,java.lang.String) throws java.lang.Exception
2018-12-26 15:38:02.829  INFO 3988 --- [main] s.w.s.m.m.a.RequestMappingHandlerMapping : Mapped "{[/sign/agreement]}" onto public com.yj.bj.util.YJResult com.yj.bj.controller.SignController.agreements(java.lang.String,java.lang.String,java.lang.String,java.lang.String,java.lang.String,java.lang.String,java.lang.String,java.lang.String) throws java.lang.Exception
2018-12-26 15:38:02.829  INFO 3988 --- [main] s.w.s.m.m.a.RequestMappingHandlerMapping : Mapped "{[/sign/select]}" onto public com.yj.bj.util.YJResult com.yj.bj.controller.SignController.selects(java.lang.String,java.lang.String)
2018-12-26 15:38:02.829  INFO 3988 --- [main] s.w.s.m.m.a.RequestMappingHandlerMapping : Mapped "{[/user/getCardList]}" onto public com.yj.bj.util.YJResult com.yj.bj.controller.UserController.getCardList(java.lang.String,java.lang.String,java.lang.String,java.lang.String,java.lang.String)
2018-12-26 15:38:02.845  INFO 3988 --- [main] s.w.s.m.m.a.RequestMappingHandlerMapping : Mapped "{[/yj-account/callback/easyPayCallback]}" onto public abstract java.lang.String com.yj.bj.service.AccountFeignService.easyPayCallback(java.lang.String,java.lang.String,java.lang.String,java.lang.String,java.lang.String,java.lang.String,java.lang.String,java.lang.String,java.lang.Long,java.lang.String,java.lang.Long,java.lang.String,java.lang.String)
2018-12-26 15:38:02.845  INFO 3988 --- [main] s.w.s.m.m.a.RequestMappingHandlerMapping : Mapped "{[/error]}" onto public org.springframework.http.ResponseEntity<java.util.Map<java.lang.String, java.lang.Object>> org.springframework.boot.autoconfigure.web.BasicErrorController.error(javax.servlet.http.HttpServletRequest)
2018-12-26 15:38:02.845  INFO 3988 --- [main] s.w.s.m.m.a.RequestMappingHandlerMapping : Mapped "{[/error],produces=[text/html]}" onto public org.springframework.web.servlet.ModelAndView org.springframework.boot.autoconfigure.web.BasicErrorController.errorHtml(javax.servlet.http.HttpServletRequest,javax.servlet.http.HttpServletResponse)
2018-12-26 15:38:02.908  INFO 3988 --- [main] o.s.w.s.handler.SimpleUrlHandlerMapping  : Mapped URL path [/makePlan] onto handler of type [class org.springframework.web.servlet.mvc.ParameterizableViewController]
2018-12-26 15:38:02.908  INFO 3988 --- [main] o.s.w.s.handler.SimpleUrlHandlerMapping  : Mapped URL path [/success] onto handler of type [class org.springframework.web.servlet.mvc.ParameterizableViewController]
2018-12-26 15:38:02.908  INFO 3988 --- [main] o.s.w.s.handler.SimpleUrlHandlerMapping  : Mapped URL path [/index] onto handler of type [class org.springframework.web.servlet.mvc.ParameterizableViewController]
2018-12-26 15:38:02.923  INFO 3988 --- [main] o.s.w.s.handler.SimpleUrlHandlerMapping  : Mapped URL path [/webjars/**] onto handler of type [class org.springframework.web.servlet.resource.ResourceHttpRequestHandler]
2018-12-26 15:38:02.923  INFO 3988 --- [main] o.s.w.s.handler.SimpleUrlHandlerMapping  : Mapped URL path [/**] onto handler of type [class org.springframework.web.servlet.resource.ResourceHttpRequestHandler]
2018-12-26 15:38:02.986  INFO 3988 --- [main] o.s.w.s.handler.SimpleUrlHandlerMapping  : Mapped URL path [/**/favicon.ico] onto handler of type [class org.springframework.web.servlet.resource.ResourceHttpRequestHandler]
2018-12-26 15:38:04.079  INFO 3988 --- [main] o.s.s.c.ThreadPoolTaskScheduler          : Initializing ExecutorService  'taskScheduler'
2018-12-26 15:38:04.688  INFO 3988 --- [main] o.s.b.a.e.mvc.EndpointHandlerMapping     : Mapped "{[/mappings || /mappings.json],methods=[GET],produces=[application/vnd.spring-boot.actuator.v1+json || application/json]}" onto public java.lang.Object org.springframework.boot.actuate.endpoint.mvc.EndpointMvcAdapter.invoke()
2018-12-26 15:38:04.688  INFO 3988 --- [main] o.s.b.a.e.mvc.EndpointHandlerMapping     : Mapped "{[/pause || /pause.json],methods=[POST]}" onto public java.lang.Object org.springframework.cloud.endpoint.GenericPostableMvcEndpoint.invoke()
2018-12-26 15:38:04.688  INFO 3988 --- [main] o.s.b.a.e.mvc.EndpointHandlerMapping     : Mapped "{[/archaius || /archaius.json],methods=[GET],produces=[application/vnd.spring-boot.actuator.v1+json || application/json]}" onto public java.lang.Object org.springframework.boot.actuate.endpoint.mvc.EndpointMvcAdapter.invoke()
2018-12-26 15:38:04.688  INFO 3988 --- [main] o.s.b.a.e.mvc.EndpointHandlerMapping     : Mapped "{[/autoconfig || /autoconfig.json],methods=[GET],produces=[application/vnd.spring-boot.actuator.v1+json || application/json]}" onto public java.lang.Object org.springframework.boot.actuate.endpoint.mvc.EndpointMvcAdapter.invoke()
2018-12-26 15:38:04.688  INFO 3988 --- [main] o.s.b.a.e.mvc.EndpointHandlerMapping     : Mapped "{[/env],methods=[POST]}" onto public java.lang.Object org.springframework.cloud.context.environment.EnvironmentManagerMvcEndpoint.value(java.util.Map<java.lang.String, java.lang.String>)
2018-12-26 15:38:04.688  INFO 3988 --- [main] o.s.b.a.e.mvc.EndpointHandlerMapping     : Mapped "{[/env/reset],methods=[POST]}" onto public java.util.Map<java.lang.String, java.lang.Object> org.springframework.cloud.context.environment.EnvironmentManagerMvcEndpoint.reset()
2018-12-26 15:38:04.688  INFO 3988 --- [main] o.s.b.a.e.mvc.EndpointHandlerMapping     : Mapped "{[/auditevents || /auditevents.json],methods=[GET],produces=[application/vnd.spring-boot.actuator.v1+json || application/json]}" onto public org.springframework.http.ResponseEntity<?> org.springframework.boot.actuate.endpoint.mvc.AuditEventsMvcEndpoint.findByPrincipalAndAfterAndType(java.lang.String,java.util.Date,java.lang.String)
2018-12-26 15:38:04.688  INFO 3988 --- [main] o.s.b.a.e.mvc.EndpointHandlerMapping     : Mapped "{[/health || /health.json],methods=[GET],produces=[application/vnd.spring-boot.actuator.v1+json || application/json]}" onto public java.lang.Object org.springframework.boot.actuate.endpoint.mvc.HealthMvcEndpoint.invoke(javax.servlet.http.HttpServletRequest,java.security.Principal)
2018-12-26 15:38:04.688  INFO 3988 --- [main] o.s.b.a.e.mvc.EndpointHandlerMapping     : Mapped "{[/resume || /resume.json],methods=[POST]}" onto public java.lang.Object org.springframework.cloud.endpoint.GenericPostableMvcEndpoint.invoke()
2018-12-26 15:38:04.688  INFO 3988 --- [main] o.s.b.a.e.mvc.EndpointHandlerMapping     : Mapped "{[/restart || /restart.json],methods=[POST]}" onto public java.lang.Object org.springframework.cloud.context.restart.RestartMvcEndpoint.invoke()
2018-12-26 15:38:04.688  INFO 3988 --- [main] o.s.b.a.e.mvc.EndpointHandlerMapping     : Mapped "{[/metrics/{name:.*}],methods=[GET],produces=[application/vnd.spring-boot.actuator.v1+json || application/json]}" onto public java.lang.Object org.springframework.boot.actuate.endpoint.mvc.MetricsMvcEndpoint.value(java.lang.String)
2018-12-26 15:38:04.704  INFO 3988 --- [main] o.s.b.a.e.mvc.EndpointHandlerMapping     : Mapped "{[/metrics || /metrics.json],methods=[GET],produces=[application/vnd.spring-boot.actuator.v1+json || application/json]}" onto public java.lang.Object org.springframework.boot.actuate.endpoint.mvc.EndpointMvcAdapter.invoke()
2018-12-26 15:38:04.704  INFO 3988 --- [main] o.s.b.a.e.mvc.EndpointHandlerMapping     : Mapped "{[/features || /features.json],methods=[GET],produces=[application/vnd.spring-boot.actuator.v1+json || application/json]}" onto public java.lang.Object org.springframework.boot.actuate.endpoint.mvc.EndpointMvcAdapter.invoke()
2018-12-26 15:38:04.704  INFO 3988 --- [main] o.s.b.a.e.mvc.EndpointHandlerMapping     : Mapped "{[/loggers/{name:.*}],methods=[GET],produces=[application/vnd.spring-boot.actuator.v1+json || application/json]}" onto public java.lang.Object org.springframework.boot.actuate.endpoint.mvc.LoggersMvcEndpoint.get(java.lang.String)
2018-12-26 15:38:04.704  INFO 3988 --- [main] o.s.b.a.e.mvc.EndpointHandlerMapping     : Mapped "{[/loggers/{name:.*}],methods=[POST],consumes=[application/vnd.spring-boot.actuator.v1+json || application/json],produces=[application/vnd.spring-boot.actuator.v1+json || application/json]}" onto public java.lang.Object org.springframework.boot.actuate.endpoint.mvc.LoggersMvcEndpoint.set(java.lang.String,java.util.Map<java.lang.String, java.lang.String>)
2018-12-26 15:38:04.704  INFO 3988 --- [main] o.s.b.a.e.mvc.EndpointHandlerMapping     : Mapped "{[/loggers || /loggers.json],methods=[GET],produces=[application/vnd.spring-boot.actuator.v1+json || application/json]}" onto public java.lang.Object org.springframework.boot.actuate.endpoint.mvc.EndpointMvcAdapter.invoke()
2018-12-26 15:38:04.704  INFO 3988 --- [main] o.s.b.a.e.mvc.EndpointHandlerMapping     : Mapped "{[/info || /info.json],methods=[GET],produces=[application/vnd.spring-boot.actuator.v1+json || application/json]}" onto public java.lang.Object org.springframework.boot.actuate.endpoint.mvc.EndpointMvcAdapter.invoke()
2018-12-26 15:38:04.704  INFO 3988 --- [main] o.s.b.a.e.mvc.EndpointHandlerMapping     : Mapped "{[/beans || /beans.json],methods=[GET],produces=[application/vnd.spring-boot.actuator.v1+json || application/json]}" onto public java.lang.Object org.springframework.boot.actuate.endpoint.mvc.EndpointMvcAdapter.invoke()
2018-12-26 15:38:04.704  INFO 3988 --- [main] o.s.b.a.e.mvc.EndpointHandlerMapping     : Mapped "{[/dump || /dump.json],methods=[GET],produces=[application/vnd.spring-boot.actuator.v1+json || application/json]}" onto public java.lang.Object org.springframework.boot.actuate.endpoint.mvc.EndpointMvcAdapter.invoke()
2018-12-26 15:38:04.704  INFO 3988 --- [main] o.s.b.a.e.mvc.EndpointHandlerMapping     : Mapped "{[/env/{name:.*}],methods=[GET],produces=[application/vnd.spring-boot.actuator.v1+json || application/json]}" onto public java.lang.Object org.springframework.boot.actuate.endpoint.mvc.EnvironmentMvcEndpoint.value(java.lang.String)
2018-12-26 15:38:04.704  INFO 3988 --- [main] o.s.b.a.e.mvc.EndpointHandlerMapping     : Mapped "{[/env || /env.json],methods=[GET],produces=[application/vnd.spring-boot.actuator.v1+json || application/json]}" onto public java.lang.Object org.springframework.boot.actuate.endpoint.mvc.EndpointMvcAdapter.invoke()
2018-12-26 15:38:04.704  INFO 3988 --- [main] o.s.b.a.e.mvc.EndpointHandlerMapping     : Mapped "{[/service-registry/instance-status],methods=[POST]}" onto public org.springframework.http.ResponseEntity<?> org.springframework.cloud.client.serviceregistry.endpoint.ServiceRegistryEndpoint.setStatus(java.lang.String)
2018-12-26 15:38:04.704  INFO 3988 --- [main] o.s.b.a.e.mvc.EndpointHandlerMapping     : Mapped "{[/service-registry/instance-status],methods=[GET]}" onto public org.springframework.http.ResponseEntity org.springframework.cloud.client.serviceregistry.endpoint.ServiceRegistryEndpoint.getStatus()
2018-12-26 15:38:04.720  INFO 3988 --- [main] o.s.b.a.e.mvc.EndpointHandlerMapping     : Mapped "{[/trace || /trace.json],methods=[GET],produces=[application/vnd.spring-boot.actuator.v1+json || application/json]}" onto public java.lang.Object org.springframework.boot.actuate.endpoint.mvc.EndpointMvcAdapter.invoke()
2018-12-26 15:38:04.720  INFO 3988 --- [main] o.s.b.a.e.mvc.EndpointHandlerMapping     : Mapped "{[/refresh || /refresh.json],methods=[POST]}" onto public java.lang.Object org.springframework.cloud.endpoint.GenericPostableMvcEndpoint.invoke()
2018-12-26 15:38:04.720  INFO 3988 --- [main] o.s.b.a.e.mvc.EndpointHandlerMapping     : Mapped "{[/logfile || /logfile.json],methods=[GET || HEAD]}" onto public void org.springframework.boot.actuate.endpoint.mvc.LogFileMvcEndpoint.invoke(javax.servlet.http.HttpServletRequest,javax.servlet.http.HttpServletResponse) throws javax.servlet.ServletException,java.io.IOException
2018-12-26 15:38:04.720  INFO 3988 --- [main] o.s.b.a.e.mvc.EndpointHandlerMapping     : Mapped "{[/heapdump || /heapdump.json],methods=[GET],produces=[application/octet-stream]}" onto public void org.springframework.boot.actuate.endpoint.mvc.HeapdumpMvcEndpoint.invoke(boolean,javax.servlet.http.HttpServletRequest,javax.servlet.http.HttpServletResponse) throws java.io.IOException,javax.servlet.ServletException
2018-12-26 15:38:04.720  INFO 3988 --- [main] o.s.b.a.e.mvc.EndpointHandlerMapping     : Mapped "{[/configprops || /configprops.json],methods=[GET],produces=[application/vnd.spring-boot.actuator.v1+json || application/json]}" onto public java.lang.Object org.springframework.boot.actuate.endpoint.mvc.EndpointMvcAdapter.invoke()
2018-12-26 15:38:05.110  INFO 3988 --- [main] o.s.i.codec.kryo.CompositeKryoRegistrar  : configured Kryo registration [40, java.io.File] with serializer org.springframework.integration.codec.kryo.FileSerializer
2018-12-26 15:38:05.313  INFO 3988 --- [main] o.s.j.e.a.AnnotationMBeanExporter        : Registering beans for JMX exposure on startup
2018-12-26 15:38:05.313  INFO 3988 --- [main] o.s.j.e.a.AnnotationMBeanExporter        : Bean with name 'dataSource' has been autodetected for JMX exposure
2018-12-26 15:38:05.313  INFO 3988 --- [main] o.s.j.e.a.AnnotationMBeanExporter        : Bean with name 'environmentManager' has been autodetected for JMX exposure
2018-12-26 15:38:05.313  INFO 3988 --- [main] o.s.j.e.a.AnnotationMBeanExporter        : Bean with name 'integrationMbeanExporter' has been autodetected for JMX exposure
2018-12-26 15:38:05.313  INFO 3988 --- [main] o.s.j.e.a.AnnotationMBeanExporter        : Bean with name 'rabbitConnectionFactory' has been autodetected for JMX exposure
2018-12-26 15:38:05.329  INFO 3988 --- [main] o.s.j.e.a.AnnotationMBeanExporter        : Bean with name 'configurationPropertiesRebinder' has been autodetected for JMX exposure
2018-12-26 15:38:05.329  INFO 3988 --- [main] o.s.j.e.a.AnnotationMBeanExporter        : Bean with name 'refreshEndpoint' has been autodetected for JMX exposure
2018-12-26 15:38:05.329  INFO 3988 --- [main] o.s.j.e.a.AnnotationMBeanExporter        : Bean with name 'restartEndpoint' has been autodetected for JMX exposure
2018-12-26 15:38:05.329  INFO 3988 --- [main] o.s.j.e.a.AnnotationMBeanExporter        : Bean with name 'serviceRegistryEndpoint' has been autodetected for JMX exposure
2018-12-26 15:38:05.329  INFO 3988 --- [main] o.s.j.e.a.AnnotationMBeanExporter        : Bean with name 'refreshScope' has been autodetected for JMX exposure
2018-12-26 15:38:05.329  INFO 3988 --- [main] o.s.j.e.a.AnnotationMBeanExporter        : Located managed bean 'integrationMbeanExporter': registering with JMX server as MBean [org.springframework.integration.monitor:name=integrationMbeanExporter,type=IntegrationMBeanExporter]
2018-12-26 15:38:05.376  INFO 3988 --- [main] o.s.j.e.a.AnnotationMBeanExporter        : Located managed bean 'environmentManager': registering with JMX server as MBean [org.springframework.cloud.context.environment:name=environmentManager,type=EnvironmentManager]
2018-12-26 15:38:05.376  INFO 3988 --- [main] o.s.j.e.a.AnnotationMBeanExporter        : Located managed bean 'refreshScope': registering with JMX server as MBean [org.springframework.cloud.context.scope.refresh:name=refreshScope,type=RefreshScope]
2018-12-26 15:38:05.391  INFO 3988 --- [main] o.s.j.e.a.AnnotationMBeanExporter        : Located MBean 'dataSource': registering with JMX server as MBean [com.alibaba.druid.pool:name=dataSource,type=DruidDataSource]
2018-12-26 15:38:05.391  INFO 3988 --- [main] o.s.j.e.a.AnnotationMBeanExporter        : Located managed bean 'restartEndpoint': registering with JMX server as MBean [org.springframework.cloud.context.restart:name=restartEndpoint,type=RestartEndpoint]
2018-12-26 15:38:05.407  INFO 3988 --- [main] o.s.j.e.a.AnnotationMBeanExporter        : Located managed bean 'rabbitConnectionFactory': registering with JMX server as MBean [org.springframework.amqp.rabbit.connection:name=rabbitConnectionFactory,type=CachingConnectionFactory]
2018-12-26 15:38:05.423  INFO 3988 --- [main] o.s.j.e.a.AnnotationMBeanExporter        : Located managed bean 'serviceRegistryEndpoint': registering with JMX server as MBean [org.springframework.cloud.client.serviceregistry.endpoint:name=serviceRegistryEndpoint,type=ServiceRegistryEndpoint]
2018-12-26 15:38:05.438  INFO 3988 --- [main] o.s.j.e.a.AnnotationMBeanExporter        : Located managed bean 'refreshEndpoint': registering with JMX server as MBean [org.springframework.cloud.endpoint:name=refreshEndpoint,type=RefreshEndpoint]
2018-12-26 15:38:05.438  INFO 3988 --- [main] o.s.j.e.a.AnnotationMBeanExporter        : Located managed bean 'configurationPropertiesRebinder': registering with JMX server as MBean [org.springframework.cloud.context.properties:name=configurationPropertiesRebinder,context=3d255079,type=ConfigurationPropertiesRebinder]
2018-12-26 15:38:05.438  INFO 3988 --- [main] o.s.i.monitor.IntegrationMBeanExporter   : Registering beans for JMX exposure on startup
2018-12-26 15:38:05.438  INFO 3988 --- [main] o.s.i.monitor.IntegrationMBeanExporter   : Registering MessageChannel errorChannel
2018-12-26 15:38:05.454  INFO 3988 --- [main] o.s.i.monitor.IntegrationMBeanExporter   : Located managed bean 'org.springframework.integration:type=MessageChannel,name=errorChannel': registering with JMX server as MBean [org.springframework.integration:type=MessageChannel,name=errorChannel]
2018-12-26 15:38:05.532  INFO 3988 --- [main] o.s.i.monitor.IntegrationMBeanExporter   : Registering MessageChannel nullChannel
2018-12-26 15:38:05.532  INFO 3988 --- [main] o.s.i.monitor.IntegrationMBeanExporter   : Located managed bean 'org.springframework.integration:type=MessageChannel,name=nullChannel': registering with JMX server as MBean [org.springframework.integration:type=MessageChannel,name=nullChannel]
2018-12-26 15:38:05.548  INFO 3988 --- [main] o.s.i.monitor.IntegrationMBeanExporter   : Registering MessageHandler errorLogger
2018-12-26 15:38:05.548  INFO 3988 --- [main] o.s.i.monitor.IntegrationMBeanExporter   : Located managed bean 'org.springframework.integration:type=MessageHandler,name=errorLogger,bean=internal': registering with JMX server as MBean [org.springframework.integration:type=MessageHandler,name=errorLogger,bean=internal]
2018-12-26 15:38:05.766  INFO 3988 --- [main] o.s.c.support.DefaultLifecycleProcessor  : Starting beans in phase 0
2018-12-26 15:38:05.782  INFO 3988 --- [main] o.s.c.n.eureka.InstanceInfoFactory       : Setting initial instance status as: STARTING
2018-12-26 15:38:05.829  INFO 3988 --- [main] com.netflix.discovery.DiscoveryClient    : Initializing Eureka in region us-east-1
2018-12-26 15:38:05.907  INFO 3988 --- [main] c.n.d.provider.DiscoveryJerseyProvider   : Using JSON encoding codec LegacyJacksonJson
2018-12-26 15:38:05.907  INFO 3988 --- [main] c.n.d.provider.DiscoveryJerseyProvider   : Using JSON decoding codec LegacyJacksonJson
2018-12-26 15:38:06.032  INFO 3988 --- [main] c.n.d.provider.DiscoveryJerseyProvider   : Using XML encoding codec XStreamXml
2018-12-26 15:38:06.032  INFO 3988 --- [main] c.n.d.provider.DiscoveryJerseyProvider   : Using XML decoding codec XStreamXml
2018-12-26 15:38:06.188  INFO 3988 --- [main] c.n.d.s.r.aws.ConfigClusterResolver      : Resolving eureka endpoints via configuration
2018-12-26 15:38:06.313  INFO 3988 --- [main] com.netflix.discovery.DiscoveryClient    : Disable delta property : false
2018-12-26 15:38:06.313  INFO 3988 --- [main] com.netflix.discovery.DiscoveryClient    : Single vip registry refresh property : null
2018-12-26 15:38:06.313  INFO 3988 --- [main] com.netflix.discovery.DiscoveryClient    : Force full registry fetch : false
2018-12-26 15:38:06.313  INFO 3988 --- [main] com.netflix.discovery.DiscoveryClient    : Application is null : false
2018-12-26 15:38:06.313  INFO 3988 --- [main] com.netflix.discovery.DiscoveryClient    : Registered Applications size is zero : true
2018-12-26 15:38:06.313  INFO 3988 --- [main] com.netflix.discovery.DiscoveryClient    : Application version is -1: true
2018-12-26 15:38:06.313  INFO 3988 --- [main] com.netflix.discovery.DiscoveryClient    : Getting all instance registry info from the eureka server
2018-12-26 15:38:06.672  INFO 3988 --- [main] com.netflix.discovery.DiscoveryClient    : The response status is 200
2018-12-26 15:38:06.672  INFO 3988 --- [main] com.netflix.discovery.DiscoveryClient    : Starting heartbeat executor: renew interval is: 30
2018-12-26 15:38:06.672  INFO 3988 --- [main] c.n.discovery.InstanceInfoReplicator     : InstanceInfoReplicator onDemand update allowed rate per min is 4
2018-12-26 15:38:06.672  INFO 3988 --- [main] com.netflix.discovery.DiscoveryClient    : Discovery Client initialized at timestamp 1545809886672 with initial instances count: 75
2018-12-26 15:38:06.719  INFO 3988 --- [main] o.s.c.n.e.s.EurekaServiceRegistry        : Registering application cj-plan with eureka with status UP
2018-12-26 15:38:06.719  INFO 3988 --- [main] com.netflix.discovery.DiscoveryClient    : Saw local status change event StatusChangeEvent [timestamp=1545809886719, current=UP, previous=STARTING]
2018-12-26 15:38:06.719  INFO 3988 --- [DiscoveryClient-InstanceInfoReplicator-0] com.netflix.discovery.DiscoveryClient    : DiscoveryClient_CJ-PLAN/cj-plan:192.168.43.22:1172: registering service...
2018-12-26 15:38:06.782  INFO 3988 --- [main] o.s.i.endpoint.EventDrivenConsumer       : Adding {logging-channel-adapter:_org.springframework.integration.errorLogger} as a subscriber to the 'errorChannel' channel
2018-12-26 15:38:06.782  INFO 3988 --- [main] o.s.i.channel.PublishSubscribeChannel    : Channel 'cj-plan:dev:1172.errorChannel' has 1 subscriber(s).
2018-12-26 15:38:06.782  INFO 3988 --- [main] o.s.i.endpoint.EventDrivenConsumer       : started _org.springframework.integration.errorLogger
2018-12-26 15:38:06.782  INFO 3988 --- [main] o.s.c.support.DefaultLifecycleProcessor  : Starting beans in phase 2147483647
2018-12-26 15:38:06.797  INFO 3988 --- [DiscoveryClient-InstanceInfoReplicator-0] com.netflix.discovery.DiscoveryClient    : DiscoveryClient_CJ-PLAN/cj-plan:192.168.43.22:1172 - registration status: 204
2018-12-26 15:38:06.844  INFO 3988 --- [main] s.b.c.e.t.TomcatEmbeddedServletContainer : Tomcat started on port(s): 1172 (http)
2018-12-26 15:38:06.844  INFO 3988 --- [main] .s.c.n.e.s.EurekaAutoServiceRegistration : Updating port to 1172
2018-12-26 15:38:06.844  INFO 3988 --- [main] com.yj.bj.CJServerApplication            : Started CJServerApplication in 12.967 seconds (JVM running for 13.858)
